Analysis & Synthesis report for LPCE_Tx
Sat May 01 20:33:16 2021
Quartus Prime Version 18.0.0 Build 614 04/24/2018 SJ Standard Edition


---------------------
; Table of Contents ;
---------------------
  1. Legal Notice
  2. Analysis & Synthesis Summary
  3. Analysis & Synthesis Settings
  4. Parallel Compilation
  5. Analysis & Synthesis Source Files Read
  6. Analysis & Synthesis Resource Usage Summary
  7. Analysis & Synthesis Resource Utilization by Entity
  8. Analysis & Synthesis RAM Summary
  9. Registers Removed During Synthesis
 10. General Register Statistics
 11. Inverted Register Statistics
 12. Multiplexer Restructuring Statistics (Restructuring Performed)
 13. Source assignments for LPCE_rx:RxU|async_fifo:FIFO1|fifomem:fifomem|altsyncram:mem_rtl_0|altsyncram_23d1:auto_generated
 14. Source assignments for LPCE_tx:TxU|async_fifo:FIFO1|fifomem:fifomem|altsyncram:mem_rtl_0|altsyncram_23d1:auto_generated
 15. Parameter Settings for User Entity Instance: LPCE_tx:TxU|async_fifo:FIFO1
 16. Parameter Settings for User Entity Instance: LPCE_tx:TxU|async_fifo:FIFO1|sync_r2w:sync_r2w
 17. Parameter Settings for User Entity Instance: LPCE_tx:TxU|async_fifo:FIFO1|sync_w2r:sync_w2r
 18. Parameter Settings for User Entity Instance: LPCE_tx:TxU|async_fifo:FIFO1|wptr_full:wptr_full
 19. Parameter Settings for User Entity Instance: LPCE_tx:TxU|async_fifo:FIFO1|fifomem:fifomem
 20. Parameter Settings for User Entity Instance: LPCE_tx:TxU|async_fifo:FIFO1|rptr_empty:rptr_empty
 21. Parameter Settings for User Entity Instance: LPCE_rx:RxU|async_fifo:FIFO1
 22. Parameter Settings for User Entity Instance: LPCE_rx:RxU|async_fifo:FIFO1|sync_r2w:sync_r2w
 23. Parameter Settings for User Entity Instance: LPCE_rx:RxU|async_fifo:FIFO1|sync_w2r:sync_w2r
 24. Parameter Settings for User Entity Instance: LPCE_rx:RxU|async_fifo:FIFO1|wptr_full:wptr_full
 25. Parameter Settings for User Entity Instance: LPCE_rx:RxU|async_fifo:FIFO1|fifomem:fifomem
 26. Parameter Settings for User Entity Instance: LPCE_rx:RxU|async_fifo:FIFO1|rptr_empty:rptr_empty
 27. Parameter Settings for Inferred Entity Instance: LPCE_rx:RxU|async_fifo:FIFO1|fifomem:fifomem|altsyncram:mem_rtl_0
 28. Parameter Settings for Inferred Entity Instance: LPCE_tx:TxU|async_fifo:FIFO1|fifomem:fifomem|altsyncram:mem_rtl_0
 29. altsyncram Parameter Settings by Entity Instance
 30. Port Connectivity Checks: "LPCE_rx:RxU|async_fifo:FIFO1"
 31. Port Connectivity Checks: "LPCE_tx:TxU|async_fifo:FIFO1"
 32. Post-Synthesis Netlist Statistics for Top Partition
 33. Elapsed Time Per Partition
 34. Analysis & Synthesis Messages



----------------
; Legal Notice ;
----------------
Copyright (C) 2018  Intel Corporation. All rights reserved.
Your use of Intel Corporation's design tools, logic functions 
and other software and tools, and its AMPP partner logic 
functions, and any output files from any of the foregoing 
(including device programming or simulation files), and any 
associated documentation or information are expressly subject 
to the terms and conditions of the Intel Program License 
Subscription Agreement, the Intel Quartus Prime License Agreement,
the Intel FPGA IP License Agreement, or other applicable license
agreement, including, without limitation, that your use is for
the sole purpose of programming logic devices manufactured by
Intel and sold by Intel or its authorized distributors.  Please
refer to the applicable agreement for further details.



+--------------------------------------------------------------------------------------+
; Analysis & Synthesis Summary                                                         ;
+------------------------------------+-------------------------------------------------+
; Analysis & Synthesis Status        ; Successful - Sat May 01 20:33:16 2021           ;
; Quartus Prime Version              ; 18.0.0 Build 614 04/24/2018 SJ Standard Edition ;
; Revision Name                      ; LPCE_Tx                                         ;
; Top-level Entity Name              ; LPCE_PHY                                        ;
; Family                             ; Cyclone IV E                                    ;
; Total logic elements               ; 838                                             ;
;     Total combinational functions  ; 537                                             ;
;     Dedicated logic registers      ; 661                                             ;
; Total registers                    ; 661                                             ;
; Total pins                         ; 270                                             ;
; Total virtual pins                 ; 0                                               ;
; Total memory bits                  ; 4,096                                           ;
; Embedded Multiplier 9-bit elements ; 0                                               ;
; Total PLLs                         ; 0                                               ;
+------------------------------------+-------------------------------------------------+


+------------------------------------------------------------------------------------------------------------+
; Analysis & Synthesis Settings                                                                              ;
+------------------------------------------------------------------+--------------------+--------------------+
; Option                                                           ; Setting            ; Default Value      ;
+------------------------------------------------------------------+--------------------+--------------------+
; Device                                                           ; EP4CE6F17C8        ;                    ;
; Top-level entity name                                            ; LPCE_PHY           ; LPCE_Tx            ;
; Family name                                                      ; Cyclone IV E       ; Cyclone V          ;
; Use smart compilation                                            ; Off                ; Off                ;
; Enable parallel Assembler and Timing Analyzer during compilation ; On                 ; On                 ;
; Enable compact report table                                      ; Off                ; Off                ;
; Restructure Multiplexers                                         ; Auto               ; Auto               ;
; Create Debugging Nodes for IP Cores                              ; Off                ; Off                ;
; Preserve fewer node names                                        ; On                 ; On                 ;
; Intel FPGA IP Evaluation Mode                                    ; Enable             ; Enable             ;
; Verilog Version                                                  ; Verilog_2001       ; Verilog_2001       ;
; VHDL Version                                                     ; VHDL_1993          ; VHDL_1993          ;
; State Machine Processing                                         ; Auto               ; Auto               ;
; Safe State Machine                                               ; Off                ; Off                ;
; Extract Verilog State Machines                                   ; On                 ; On                 ;
; Extract VHDL State Machines                                      ; On                 ; On                 ;
; Ignore Verilog initial constructs                                ; Off                ; Off                ;
; Iteration limit for constant Verilog loops                       ; 5000               ; 5000               ;
; Iteration limit for non-constant Verilog loops                   ; 250                ; 250                ;
; Add Pass-Through Logic to Inferred RAMs                          ; On                 ; On                 ;
; Infer RAMs from Raw Logic                                        ; On                 ; On                 ;
; Parallel Synthesis                                               ; On                 ; On                 ;
; DSP Block Balancing                                              ; Auto               ; Auto               ;
; NOT Gate Push-Back                                               ; On                 ; On                 ;
; Power-Up Don't Care                                              ; On                 ; On                 ;
; Remove Redundant Logic Cells                                     ; Off                ; Off                ;
; Remove Duplicate Registers                                       ; On                 ; On                 ;
; Ignore CARRY Buffers                                             ; Off                ; Off                ;
; Ignore CASCADE Buffers                                           ; Off                ; Off                ;
; Ignore GLOBAL Buffers                                            ; Off                ; Off                ;
; Ignore ROW GLOBAL Buffers                                        ; Off                ; Off                ;
; Ignore LCELL Buffers                                             ; Off                ; Off                ;
; Ignore SOFT Buffers                                              ; On                 ; On                 ;
; Limit AHDL Integers to 32 Bits                                   ; Off                ; Off                ;
; Optimization Technique                                           ; Balanced           ; Balanced           ;
; Carry Chain Length                                               ; 70                 ; 70                 ;
; Auto Carry Chains                                                ; On                 ; On                 ;
; Auto Open-Drain Pins                                             ; On                 ; On                 ;
; Perform WYSIWYG Primitive Resynthesis                            ; Off                ; Off                ;
; Auto ROM Replacement                                             ; On                 ; On                 ;
; Auto RAM Replacement                                             ; On                 ; On                 ;
; Auto DSP Block Replacement                                       ; On                 ; On                 ;
; Auto Shift Register Replacement                                  ; Auto               ; Auto               ;
; Allow Shift Register Merging across Hierarchies                  ; Auto               ; Auto               ;
; Auto Clock Enable Replacement                                    ; On                 ; On                 ;
; Strict RAM Replacement                                           ; Off                ; Off                ;
; Allow Synchronous Control Signals                                ; On                 ; On                 ;
; Force Use of Synchronous Clear Signals                           ; Off                ; Off                ;
; Auto RAM Block Balancing                                         ; On                 ; On                 ;
; Auto RAM to Logic Cell Conversion                                ; Off                ; Off                ;
; Auto Resource Sharing                                            ; Off                ; Off                ;
; Allow Any RAM Size For Recognition                               ; Off                ; Off                ;
; Allow Any ROM Size For Recognition                               ; Off                ; Off                ;
; Allow Any Shift Register Size For Recognition                    ; Off                ; Off                ;
; Use LogicLock Constraints during Resource Balancing              ; On                 ; On                 ;
; Ignore translate_off and synthesis_off directives                ; Off                ; Off                ;
; Timing-Driven Synthesis                                          ; On                 ; On                 ;
; Report Parameter Settings                                        ; On                 ; On                 ;
; Report Source Assignments                                        ; On                 ; On                 ;
; Report Connectivity Checks                                       ; On                 ; On                 ;
; Ignore Maximum Fan-Out Assignments                               ; Off                ; Off                ;
; Synchronization Register Chain Length                            ; 2                  ; 2                  ;
; Power Optimization During Synthesis                              ; Normal compilation ; Normal compilation ;
; HDL message level                                                ; Level2             ; Level2             ;
; Suppress Register Optimization Related Messages                  ; Off                ; Off                ;
; Number of Removed Registers Reported in Synthesis Report         ; 5000               ; 5000               ;
; Number of Swept Nodes Reported in Synthesis Report               ; 5000               ; 5000               ;
; Number of Inverted Registers Reported in Synthesis Report        ; 100                ; 100                ;
; Clock MUX Protection                                             ; On                 ; On                 ;
; Auto Gated Clock Conversion                                      ; Off                ; Off                ;
; Block Design Naming                                              ; Auto               ; Auto               ;
; SDC constraint protection                                        ; Off                ; Off                ;
; Synthesis Effort                                                 ; Auto               ; Auto               ;
; Shift Register Replacement - Allow Asynchronous Clear Signal     ; On                 ; On                 ;
; Pre-Mapping Resynthesis Optimization                             ; Off                ; Off                ;
; Analysis & Synthesis Message Level                               ; Medium             ; Medium             ;
; Disable Register Merging Across Hierarchies                      ; Auto               ; Auto               ;
; Resource Aware Inference For Block RAM                           ; On                 ; On                 ;
+------------------------------------------------------------------+--------------------+--------------------+


+------------------------------------------+
; Parallel Compilation                     ;
+----------------------------+-------------+
; Processors                 ; Number      ;
+----------------------------+-------------+
; Number detected on machine ; 12          ;
; Maximum allowed            ; 12          ;
;                            ;             ;
; Average used               ; 1.00        ;
; Maximum used               ; 12          ;
;                            ;             ;
; Usage by Processor         ; % Time Used ;
;     Processor 1            ; 100.0%      ;
;     Processor 2            ;   0.0%      ;
;     Processor 3            ;   0.0%      ;
;     Processor 4            ;   0.0%      ;
;     Processor 5            ;   0.0%      ;
;     Processor 6            ;   0.0%      ;
;     Processor 7            ;   0.0%      ;
;     Processor 8            ;   0.0%      ;
;     Processors 9-12        ;   0.0%      ;
+----------------------------+-------------+


+-----------------------------------------------------------------------------------------------------------------------------------------------------------------------+
; Analysis & Synthesis Source Files Read                                                                                                                                ;
+----------------------------------+-----------------+------------------------------+-------------------------------------------------------------------------+---------+
; File Name with User-Entered Path ; Used in Netlist ; File Type                    ; File Name with Absolute Path                                            ; Library ;
+----------------------------------+-----------------+------------------------------+-------------------------------------------------------------------------+---------+
; ../RTL/LPCE_PHY.v                ; yes             ; User Verilog HDL File        ; D:/project/FPGA/LPCE/RTL/LPCE_PHY.v                                     ;         ;
; ../RTL/LPCE_tx.v                 ; yes             ; User Verilog HDL File        ; D:/project/FPGA/LPCE/RTL/LPCE_tx.v                                      ;         ;
; ../RTL/FIFO/wptr_full.v          ; yes             ; User Verilog HDL File        ; D:/project/FPGA/LPCE/RTL/FIFO/wptr_full.v                               ;         ;
; ../RTL/FIFO/sync_w2r.v           ; yes             ; User Verilog HDL File        ; D:/project/FPGA/LPCE/RTL/FIFO/sync_w2r.v                                ;         ;
; ../RTL/FIFO/sync_r2w.v           ; yes             ; User Verilog HDL File        ; D:/project/FPGA/LPCE/RTL/FIFO/sync_r2w.v                                ;         ;
; ../RTL/FIFO/rptr_empty.v         ; yes             ; User Verilog HDL File        ; D:/project/FPGA/LPCE/RTL/FIFO/rptr_empty.v                              ;         ;
; ../RTL/FIFO/fifo_2mem.v          ; yes             ; User Verilog HDL File        ; D:/project/FPGA/LPCE/RTL/FIFO/fifo_2mem.v                               ;         ;
; ../RTL/FIFO/async_fifo.v         ; yes             ; User Verilog HDL File        ; D:/project/FPGA/LPCE/RTL/FIFO/async_fifo.v                              ;         ;
; ../RTL/LPCEconfig.v              ; yes             ; User Verilog HDL File        ; D:/project/FPGA/LPCE/RTL/LPCEconfig.v                                   ;         ;
; ../RTL/LPCE_rx.v                 ; yes             ; User Verilog HDL File        ; D:/project/FPGA/LPCE/RTL/LPCE_rx.v                                      ;         ;
; altsyncram.tdf                   ; yes             ; Megafunction                 ; c:/intelfpga/18.0/quartus/libraries/megafunctions/altsyncram.tdf        ;         ;
; stratix_ram_block.inc            ; yes             ; Megafunction                 ; c:/intelfpga/18.0/quartus/libraries/megafunctions/stratix_ram_block.inc ;         ;
; lpm_mux.inc                      ; yes             ; Megafunction                 ; c:/intelfpga/18.0/quartus/libraries/megafunctions/lpm_mux.inc           ;         ;
; lpm_decode.inc                   ; yes             ; Megafunction                 ; c:/intelfpga/18.0/quartus/libraries/megafunctions/lpm_decode.inc        ;         ;
; aglobal180.inc                   ; yes             ; Megafunction                 ; c:/intelfpga/18.0/quartus/libraries/megafunctions/aglobal180.inc        ;         ;
; a_rdenreg.inc                    ; yes             ; Megafunction                 ; c:/intelfpga/18.0/quartus/libraries/megafunctions/a_rdenreg.inc         ;         ;
; altrom.inc                       ; yes             ; Megafunction                 ; c:/intelfpga/18.0/quartus/libraries/megafunctions/altrom.inc            ;         ;
; altram.inc                       ; yes             ; Megafunction                 ; c:/intelfpga/18.0/quartus/libraries/megafunctions/altram.inc            ;         ;
; altdpram.inc                     ; yes             ; Megafunction                 ; c:/intelfpga/18.0/quartus/libraries/megafunctions/altdpram.inc          ;         ;
; db/altsyncram_23d1.tdf           ; yes             ; Auto-Generated Megafunction  ; D:/project/FPGA/LPCE/Proj/db/altsyncram_23d1.tdf                        ;         ;
+----------------------------------+-----------------+------------------------------+-------------------------------------------------------------------------+---------+


+---------------------------------------------------------------+
; Analysis & Synthesis Resource Usage Summary                   ;
+---------------------------------------------+-----------------+
; Resource                                    ; Usage           ;
+---------------------------------------------+-----------------+
; Estimated Total logic elements              ; 838             ;
;                                             ;                 ;
; Total combinational functions               ; 537             ;
; Logic element usage by number of LUT inputs ;                 ;
;     -- 4 input functions                    ; 89              ;
;     -- 3 input functions                    ; 274             ;
;     -- <=2 input functions                  ; 174             ;
;                                             ;                 ;
; Logic elements by mode                      ;                 ;
;     -- normal mode                          ; 530             ;
;     -- arithmetic mode                      ; 7               ;
;                                             ;                 ;
; Total registers                             ; 661             ;
;     -- Dedicated logic registers            ; 661             ;
;     -- I/O registers                        ; 0               ;
;                                             ;                 ;
; I/O pins                                    ; 270             ;
; Total memory bits                           ; 4096            ;
;                                             ;                 ;
; Embedded Multiplier 9-bit elements          ; 0               ;
;                                             ;                 ;
; Maximum fan-out node                        ; LPCE_CLKi~input ;
; Maximum fan-out                             ; 433             ;
; Total fan-out                               ; 7034            ;
; Average fan-out                             ; 3.53            ;
+---------------------------------------------+-----------------+


+--------------------------------------------------------------------------------------------------------------------------------------------------------------------------------------------------------------------------------------------------------------------------------------------------------------------------+
; Analysis & Synthesis Resource Utilization by Entity                                                                                                                                                                                                                                                                      ;
+-------------------------------------------------+---------------------+---------------------------+-------------+--------------+---------+-----------+------+--------------+------------------------------------------------------------------------------------------------------------+-----------------+--------------+
; Compilation Hierarchy Node                      ; Combinational ALUTs ; Dedicated Logic Registers ; Memory Bits ; DSP Elements ; DSP 9x9 ; DSP 18x18 ; Pins ; Virtual Pins ; Full Hierarchy Name                                                                                        ; Entity Name     ; Library Name ;
+-------------------------------------------------+---------------------+---------------------------+-------------+--------------+---------+-----------+------+--------------+------------------------------------------------------------------------------------------------------------+-----------------+--------------+
; |LPCE_PHY                                       ; 537 (1)             ; 661 (0)                   ; 4096        ; 0            ; 0       ; 0         ; 270  ; 0            ; |LPCE_PHY                                                                                                  ; LPCE_PHY        ; work         ;
;    |LPCE_rx:RxU|                                ; 317 (0)             ; 326 (2)                   ; 2048        ; 0            ; 0       ; 0         ; 0    ; 0            ; |LPCE_PHY|LPCE_rx:RxU                                                                                      ; LPCE_rx         ; work         ;
;       |LPCE_rx_front:LPCE_rx_front|             ; 159 (159)           ; 155 (155)                 ; 0           ; 0            ; 0       ; 0         ; 0    ; 0            ; |LPCE_PHY|LPCE_rx:RxU|LPCE_rx_front:LPCE_rx_front                                                          ; LPCE_rx_front   ; work         ;
;       |async_fifo:FIFO1|                        ; 158 (0)             ; 169 (0)                   ; 2048        ; 0            ; 0       ; 0         ; 0    ; 0            ; |LPCE_PHY|LPCE_rx:RxU|async_fifo:FIFO1                                                                     ; async_fifo      ; work         ;
;          |fifomem:fifomem|                      ; 131 (131)           ; 129 (129)                 ; 2048        ; 0            ; 0       ; 0         ; 0    ; 0            ; |LPCE_PHY|LPCE_rx:RxU|async_fifo:FIFO1|fifomem:fifomem                                                     ; fifomem         ; work         ;
;             |altsyncram:mem_rtl_0|              ; 0 (0)               ; 0 (0)                     ; 2048        ; 0            ; 0       ; 0         ; 0    ; 0            ; |LPCE_PHY|LPCE_rx:RxU|async_fifo:FIFO1|fifomem:fifomem|altsyncram:mem_rtl_0                                ; altsyncram      ; work         ;
;                |altsyncram_23d1:auto_generated| ; 0 (0)               ; 0 (0)                     ; 2048        ; 0            ; 0       ; 0         ; 0    ; 0            ; |LPCE_PHY|LPCE_rx:RxU|async_fifo:FIFO1|fifomem:fifomem|altsyncram:mem_rtl_0|altsyncram_23d1:auto_generated ; altsyncram_23d1 ; work         ;
;          |rptr_empty:rptr_empty|                ; 13 (13)             ; 10 (10)                   ; 0           ; 0            ; 0       ; 0         ; 0    ; 0            ; |LPCE_PHY|LPCE_rx:RxU|async_fifo:FIFO1|rptr_empty:rptr_empty                                               ; rptr_empty      ; work         ;
;          |sync_r2w:sync_r2w|                    ; 0 (0)               ; 10 (10)                   ; 0           ; 0            ; 0       ; 0         ; 0    ; 0            ; |LPCE_PHY|LPCE_rx:RxU|async_fifo:FIFO1|sync_r2w:sync_r2w                                                   ; sync_r2w        ; work         ;
;          |sync_w2r:sync_w2r|                    ; 0 (0)               ; 10 (10)                   ; 0           ; 0            ; 0       ; 0         ; 0    ; 0            ; |LPCE_PHY|LPCE_rx:RxU|async_fifo:FIFO1|sync_w2r:sync_w2r                                                   ; sync_w2r        ; work         ;
;          |wptr_full:wptr_full|                  ; 14 (14)             ; 10 (10)                   ; 0           ; 0            ; 0       ; 0         ; 0    ; 0            ; |LPCE_PHY|LPCE_rx:RxU|async_fifo:FIFO1|wptr_full:wptr_full                                                 ; wptr_full       ; work         ;
;    |LPCE_tx:TxU|                                ; 219 (1)             ; 335 (2)                   ; 2048        ; 0            ; 0       ; 0         ; 0    ; 0            ; |LPCE_PHY|LPCE_tx:TxU                                                                                      ; LPCE_tx         ; work         ;
;       |LPCE_tx_front:LPCE_tx_front|             ; 186 (186)           ; 164 (164)                 ; 0           ; 0            ; 0       ; 0         ; 0    ; 0            ; |LPCE_PHY|LPCE_tx:TxU|LPCE_tx_front:LPCE_tx_front                                                          ; LPCE_tx_front   ; work         ;
;       |async_fifo:FIFO1|                        ; 32 (0)              ; 169 (0)                   ; 2048        ; 0            ; 0       ; 0         ; 0    ; 0            ; |LPCE_PHY|LPCE_tx:TxU|async_fifo:FIFO1                                                                     ; async_fifo      ; work         ;
;          |fifomem:fifomem|                      ; 3 (3)               ; 129 (129)                 ; 2048        ; 0            ; 0       ; 0         ; 0    ; 0            ; |LPCE_PHY|LPCE_tx:TxU|async_fifo:FIFO1|fifomem:fifomem                                                     ; fifomem         ; work         ;
;             |altsyncram:mem_rtl_0|              ; 0 (0)               ; 0 (0)                     ; 2048        ; 0            ; 0       ; 0         ; 0    ; 0            ; |LPCE_PHY|LPCE_tx:TxU|async_fifo:FIFO1|fifomem:fifomem|altsyncram:mem_rtl_0                                ; altsyncram      ; work         ;
;                |altsyncram_23d1:auto_generated| ; 0 (0)               ; 0 (0)                     ; 2048        ; 0            ; 0       ; 0         ; 0    ; 0            ; |LPCE_PHY|LPCE_tx:TxU|async_fifo:FIFO1|fifomem:fifomem|altsyncram:mem_rtl_0|altsyncram_23d1:auto_generated ; altsyncram_23d1 ; work         ;
;          |rptr_empty:rptr_empty|                ; 15 (15)             ; 10 (10)                   ; 0           ; 0            ; 0       ; 0         ; 0    ; 0            ; |LPCE_PHY|LPCE_tx:TxU|async_fifo:FIFO1|rptr_empty:rptr_empty                                               ; rptr_empty      ; work         ;
;          |sync_r2w:sync_r2w|                    ; 0 (0)               ; 10 (10)                   ; 0           ; 0            ; 0       ; 0         ; 0    ; 0            ; |LPCE_PHY|LPCE_tx:TxU|async_fifo:FIFO1|sync_r2w:sync_r2w                                                   ; sync_r2w        ; work         ;
;          |sync_w2r:sync_w2r|                    ; 0 (0)               ; 10 (10)                   ; 0           ; 0            ; 0       ; 0         ; 0    ; 0            ; |LPCE_PHY|LPCE_tx:TxU|async_fifo:FIFO1|sync_w2r:sync_w2r                                                   ; sync_w2r        ; work         ;
;          |wptr_full:wptr_full|                  ; 14 (14)             ; 10 (10)                   ; 0           ; 0            ; 0       ; 0         ; 0    ; 0            ; |LPCE_PHY|LPCE_tx:TxU|async_fifo:FIFO1|wptr_full:wptr_full                                                 ; wptr_full       ; work         ;
+-------------------------------------------------+---------------------+---------------------------+-------------+--------------+---------+-----------+------+--------------+------------------------------------------------------------------------------------------------------------+-----------------+--------------+
Note: For table entries with two numbers listed, the numbers in parentheses indicate the number of resources of the given type used by the specific entity alone. The numbers listed outside of parentheses indicate the total resources of the given type used by the specific entity and all of its sub-entities in the hierarchy.


+-----------------------------------------------------------------------------------------------------------------------------------------------------------------------------------------------------------------+
; Analysis & Synthesis RAM Summary                                                                                                                                                                                ;
+-------------------------------------------------------------------------------------------------------------+------+------------------+--------------+--------------+--------------+--------------+------+------+
; Name                                                                                                        ; Type ; Mode             ; Port A Depth ; Port A Width ; Port B Depth ; Port B Width ; Size ; MIF  ;
+-------------------------------------------------------------------------------------------------------------+------+------------------+--------------+--------------+--------------+--------------+------+------+
; LPCE_rx:RxU|async_fifo:FIFO1|fifomem:fifomem|altsyncram:mem_rtl_0|altsyncram_23d1:auto_generated|ALTSYNCRAM ; AUTO ; Simple Dual Port ; 16           ; 128          ; 16           ; 128          ; 2048 ; None ;
; LPCE_tx:TxU|async_fifo:FIFO1|fifomem:fifomem|altsyncram:mem_rtl_0|altsyncram_23d1:auto_generated|ALTSYNCRAM ; AUTO ; Simple Dual Port ; 16           ; 128          ; 16           ; 128          ; 2048 ; None ;
+-------------------------------------------------------------------------------------------------------------+------+------------------+--------------+--------------+--------------+--------------+------+------+


+-------------------------------------------------------------------------------------------------------------------------------------+
; Registers Removed During Synthesis                                                                                                  ;
+------------------------------------------------------------+------------------------------------------------------------------------+
; Register name                                              ; Reason for Removal                                                     ;
+------------------------------------------------------------+------------------------------------------------------------------------+
; LPCE_rx:RxU|async_fifo:FIFO1|wptr_full:wptr_full|wptr[4]   ; Merged with LPCE_rx:RxU|async_fifo:FIFO1|wptr_full:wptr_full|wbin[4]   ;
; LPCE_tx:TxU|async_fifo:FIFO1|rptr_empty:rptr_empty|rptr[4] ; Merged with LPCE_tx:TxU|async_fifo:FIFO1|rptr_empty:rptr_empty|rbin[4] ;
; LPCE_rx:RxU|async_fifo:FIFO1|rptr_empty:rptr_empty|rptr[4] ; Merged with LPCE_rx:RxU|async_fifo:FIFO1|rptr_empty:rptr_empty|rbin[4] ;
; LPCE_tx:TxU|async_fifo:FIFO1|wptr_full:wptr_full|wptr[4]   ; Merged with LPCE_tx:TxU|async_fifo:FIFO1|wptr_full:wptr_full|wbin[4]   ;
; Total Number of Removed Registers = 4                      ;                                                                        ;
+------------------------------------------------------------+------------------------------------------------------------------------+


+------------------------------------------------------+
; General Register Statistics                          ;
+----------------------------------------------+-------+
; Statistic                                    ; Value ;
+----------------------------------------------+-------+
; Total registers                              ; 661   ;
; Number of registers using Synchronous Clear  ; 146   ;
; Number of registers using Synchronous Load   ; 119   ;
; Number of registers using Asynchronous Clear ; 82    ;
; Number of registers using Asynchronous Load  ; 0     ;
; Number of registers using Clock Enable       ; 256   ;
; Number of registers using Preset             ; 0     ;
+----------------------------------------------+-------+


+---------------------------------------------------------------------+
; Inverted Register Statistics                                        ;
+-----------------------------------------------------------+---------+
; Inverted Register                                         ; Fan out ;
+-----------------------------------------------------------+---------+
; LPCE_rx:RxU|async_fifo:FIFO1|rptr_empty:rptr_empty|rempty ; 5       ;
; LPCE_tx:TxU|async_fifo:FIFO1|rptr_empty:rptr_empty|rempty ; 49      ;
; Total number of inverted registers = 2                    ;         ;
+-----------------------------------------------------------+---------+


+-----------------------------------------------------------------------------------------------------------------------------------------------------------------------------+
; Multiplexer Restructuring Statistics (Restructuring Performed)                                                                                                              ;
+--------------------+-----------+---------------+----------------------+------------------------+------------+---------------------------------------------------------------+
; Multiplexer Inputs ; Bus Width ; Baseline Area ; Area if Restructured ; Saving if Restructured ; Registered ; Example Multiplexer Output                                    ;
+--------------------+-----------+---------------+----------------------+------------------------+------------+---------------------------------------------------------------+
; 3:1                ; 10 bits   ; 20 LEs        ; 20 LEs               ; 0 LEs                  ; Yes        ; |LPCE_PHY|LPCE_tx:TxU|LPCE_tx_front:LPCE_tx_front|SeqReg[154] ;
; 3:1                ; 33 bits   ; 66 LEs        ; 66 LEs               ; 0 LEs                  ; Yes        ; |LPCE_PHY|LPCE_tx:TxU|LPCE_tx_front:LPCE_tx_front|SeqReg[28]  ;
; 4:1                ; 111 bits  ; 222 LEs       ; 222 LEs              ; 0 LEs                  ; Yes        ; |LPCE_PHY|LPCE_tx:TxU|LPCE_tx_front:LPCE_tx_front|SeqReg[142] ;
+--------------------+-----------+---------------+----------------------+------------------------+------------+---------------------------------------------------------------+


+-------------------------------------------------------------------------------------------------------------------------+
; Source assignments for LPCE_rx:RxU|async_fifo:FIFO1|fifomem:fifomem|altsyncram:mem_rtl_0|altsyncram_23d1:auto_generated ;
+---------------------------------+--------------------+------+-----------------------------------------------------------+
; Assignment                      ; Value              ; From ; To                                                        ;
+---------------------------------+--------------------+------+-----------------------------------------------------------+
; OPTIMIZE_POWER_DURING_SYNTHESIS ; NORMAL_COMPILATION ; -    ; -                                                         ;
+---------------------------------+--------------------+------+-----------------------------------------------------------+


+-------------------------------------------------------------------------------------------------------------------------+
; Source assignments for LPCE_tx:TxU|async_fifo:FIFO1|fifomem:fifomem|altsyncram:mem_rtl_0|altsyncram_23d1:auto_generated ;
+---------------------------------+--------------------+------+-----------------------------------------------------------+
; Assignment                      ; Value              ; From ; To                                                        ;
+---------------------------------+--------------------+------+-----------------------------------------------------------+
; OPTIMIZE_POWER_DURING_SYNTHESIS ; NORMAL_COMPILATION ; -    ; -                                                         ;
+---------------------------------+--------------------+------+-----------------------------------------------------------+


+---------------------------------------------------------------------------+
; Parameter Settings for User Entity Instance: LPCE_tx:TxU|async_fifo:FIFO1 ;
+----------------+-------+--------------------------------------------------+
; Parameter Name ; Value ; Type                                             ;
+----------------+-------+--------------------------------------------------+
; DSIZE          ; 128   ; Signed Integer                                   ;
; ASIZE          ; 4     ; Signed Integer                                   ;
; FALLTHROUGH    ; TRUE  ; String                                           ;
+----------------+-------+--------------------------------------------------+
Note: In order to hide this table in the UI and the text report file, please set the "Show Parameter Settings in Synthesis Report" option in "Analysis and Synthesis Settings -> More Settings" to "Off".


+---------------------------------------------------------------------------------------------+
; Parameter Settings for User Entity Instance: LPCE_tx:TxU|async_fifo:FIFO1|sync_r2w:sync_r2w ;
+----------------+-------+--------------------------------------------------------------------+
; Parameter Name ; Value ; Type                                                               ;
+----------------+-------+--------------------------------------------------------------------+
; ASIZE          ; 4     ; Signed Integer                                                     ;
+----------------+-------+--------------------------------------------------------------------+
Note: In order to hide this table in the UI and the text report file, please set the "Show Parameter Settings in Synthesis Report" option in "Analysis and Synthesis Settings -> More Settings" to "Off".


+---------------------------------------------------------------------------------------------+
; Parameter Settings for User Entity Instance: LPCE_tx:TxU|async_fifo:FIFO1|sync_w2r:sync_w2r ;
+----------------+-------+--------------------------------------------------------------------+
; Parameter Name ; Value ; Type                                                               ;
+----------------+-------+--------------------------------------------------------------------+
; ASIZE          ; 4     ; Signed Integer                                                     ;
+----------------+-------+--------------------------------------------------------------------+
Note: In order to hide this table in the UI and the text report file, please set the "Show Parameter Settings in Synthesis Report" option in "Analysis and Synthesis Settings -> More Settings" to "Off".


+-----------------------------------------------------------------------------------------------+
; Parameter Settings for User Entity Instance: LPCE_tx:TxU|async_fifo:FIFO1|wptr_full:wptr_full ;
+----------------+-------+----------------------------------------------------------------------+
; Parameter Name ; Value ; Type                                                                 ;
+----------------+-------+----------------------------------------------------------------------+
; ADDRSIZE       ; 4     ; Signed Integer                                                       ;
+----------------+-------+----------------------------------------------------------------------+
Note: In order to hide this table in the UI and the text report file, please set the "Show Parameter Settings in Synthesis Report" option in "Analysis and Synthesis Settings -> More Settings" to "Off".


+-------------------------------------------------------------------------------------------+
; Parameter Settings for User Entity Instance: LPCE_tx:TxU|async_fifo:FIFO1|fifomem:fifomem ;
+----------------+-------+------------------------------------------------------------------+
; Parameter Name ; Value ; Type                                                             ;
+----------------+-------+------------------------------------------------------------------+
; DATASIZE       ; 128   ; Signed Integer                                                   ;
; ADDRSIZE       ; 4     ; Signed Integer                                                   ;
; FALLTHROUGH    ; TRUE  ; String                                                           ;
+----------------+-------+------------------------------------------------------------------+
Note: In order to hide this table in the UI and the text report file, please set the "Show Parameter Settings in Synthesis Report" option in "Analysis and Synthesis Settings -> More Settings" to "Off".


+-------------------------------------------------------------------------------------------------+
; Parameter Settings for User Entity Instance: LPCE_tx:TxU|async_fifo:FIFO1|rptr_empty:rptr_empty ;
+----------------+-------+------------------------------------------------------------------------+
; Parameter Name ; Value ; Type                                                                   ;
+----------------+-------+------------------------------------------------------------------------+
; ADDRSIZE       ; 4     ; Signed Integer                                                         ;
+----------------+-------+------------------------------------------------------------------------+
Note: In order to hide this table in the UI and the text report file, please set the "Show Parameter Settings in Synthesis Report" option in "Analysis and Synthesis Settings -> More Settings" to "Off".


+---------------------------------------------------------------------------+
; Parameter Settings for User Entity Instance: LPCE_rx:RxU|async_fifo:FIFO1 ;
+----------------+-------+--------------------------------------------------+
; Parameter Name ; Value ; Type                                             ;
+----------------+-------+--------------------------------------------------+
; DSIZE          ; 128   ; Signed Integer                                   ;
; ASIZE          ; 4     ; Signed Integer                                   ;
; FALLTHROUGH    ; TRUE  ; String                                           ;
+----------------+-------+--------------------------------------------------+
Note: In order to hide this table in the UI and the text report file, please set the "Show Parameter Settings in Synthesis Report" option in "Analysis and Synthesis Settings -> More Settings" to "Off".


+---------------------------------------------------------------------------------------------+
; Parameter Settings for User Entity Instance: LPCE_rx:RxU|async_fifo:FIFO1|sync_r2w:sync_r2w ;
+----------------+-------+--------------------------------------------------------------------+
; Parameter Name ; Value ; Type                                                               ;
+----------------+-------+--------------------------------------------------------------------+
; ASIZE          ; 4     ; Signed Integer                                                     ;
+----------------+-------+--------------------------------------------------------------------+
Note: In order to hide this table in the UI and the text report file, please set the "Show Parameter Settings in Synthesis Report" option in "Analysis and Synthesis Settings -> More Settings" to "Off".


+---------------------------------------------------------------------------------------------+
; Parameter Settings for User Entity Instance: LPCE_rx:RxU|async_fifo:FIFO1|sync_w2r:sync_w2r ;
+----------------+-------+--------------------------------------------------------------------+
; Parameter Name ; Value ; Type                                                               ;
+----------------+-------+--------------------------------------------------------------------+
; ASIZE          ; 4     ; Signed Integer                                                     ;
+----------------+-------+--------------------------------------------------------------------+
Note: In order to hide this table in the UI and the text report file, please set the "Show Parameter Settings in Synthesis Report" option in "Analysis and Synthesis Settings -> More Settings" to "Off".


+-----------------------------------------------------------------------------------------------+
; Parameter Settings for User Entity Instance: LPCE_rx:RxU|async_fifo:FIFO1|wptr_full:wptr_full ;
+----------------+-------+----------------------------------------------------------------------+
; Parameter Name ; Value ; Type                                                                 ;
+----------------+-------+----------------------------------------------------------------------+
; ADDRSIZE       ; 4     ; Signed Integer                                                       ;
+----------------+-------+----------------------------------------------------------------------+
Note: In order to hide this table in the UI and the text report file, please set the "Show Parameter Settings in Synthesis Report" option in "Analysis and Synthesis Settings -> More Settings" to "Off".


+-------------------------------------------------------------------------------------------+
; Parameter Settings for User Entity Instance: LPCE_rx:RxU|async_fifo:FIFO1|fifomem:fifomem ;
+----------------+-------+------------------------------------------------------------------+
; Parameter Name ; Value ; Type                                                             ;
+----------------+-------+------------------------------------------------------------------+
; DATASIZE       ; 128   ; Signed Integer                                                   ;
; ADDRSIZE       ; 4     ; Signed Integer                                                   ;
; FALLTHROUGH    ; TRUE  ; String                                                           ;
+----------------+-------+------------------------------------------------------------------+
Note: In order to hide this table in the UI and the text report file, please set the "Show Parameter Settings in Synthesis Report" option in "Analysis and Synthesis Settings -> More Settings" to "Off".


+-------------------------------------------------------------------------------------------------+
; Parameter Settings for User Entity Instance: LPCE_rx:RxU|async_fifo:FIFO1|rptr_empty:rptr_empty ;
+----------------+-------+------------------------------------------------------------------------+
; Parameter Name ; Value ; Type                                                                   ;
+----------------+-------+------------------------------------------------------------------------+
; ADDRSIZE       ; 4     ; Signed Integer                                                         ;
+----------------+-------+------------------------------------------------------------------------+
Note: In order to hide this table in the UI and the text report file, please set the "Show Parameter Settings in Synthesis Report" option in "Analysis and Synthesis Settings -> More Settings" to "Off".


+--------------------------------------------------------------------------------------------------------------------+
; Parameter Settings for Inferred Entity Instance: LPCE_rx:RxU|async_fifo:FIFO1|fifomem:fifomem|altsyncram:mem_rtl_0 ;
+------------------------------------+----------------------+--------------------------------------------------------+
; Parameter Name                     ; Value                ; Type                                                   ;
+------------------------------------+----------------------+--------------------------------------------------------+
; BYTE_SIZE_BLOCK                    ; 8                    ; Untyped                                                ;
; AUTO_CARRY_CHAINS                  ; ON                   ; AUTO_CARRY                                             ;
; IGNORE_CARRY_BUFFERS               ; OFF                  ; IGNORE_CARRY                                           ;
; AUTO_CASCADE_CHAINS                ; ON                   ; AUTO_CASCADE                                           ;
; IGNORE_CASCADE_BUFFERS             ; OFF                  ; IGNORE_CASCADE                                         ;
; WIDTH_BYTEENA                      ; 1                    ; Untyped                                                ;
; OPERATION_MODE                     ; DUAL_PORT            ; Untyped                                                ;
; WIDTH_A                            ; 128                  ; Untyped                                                ;
; WIDTHAD_A                          ; 4                    ; Untyped                                                ;
; NUMWORDS_A                         ; 16                   ; Untyped                                                ;
; OUTDATA_REG_A                      ; UNREGISTERED         ; Untyped                                                ;
; ADDRESS_ACLR_A                     ; NONE                 ; Untyped                                                ;
; OUTDATA_ACLR_A                     ; NONE                 ; Untyped                                                ;
; WRCONTROL_ACLR_A                   ; NONE                 ; Untyped                                                ;
; INDATA_ACLR_A                      ; NONE                 ; Untyped                                                ;
; BYTEENA_ACLR_A                     ; NONE                 ; Untyped                                                ;
; WIDTH_B                            ; 128                  ; Untyped                                                ;
; WIDTHAD_B                          ; 4                    ; Untyped                                                ;
; NUMWORDS_B                         ; 16                   ; Untyped                                                ;
; INDATA_REG_B                       ; CLOCK1               ; Untyped                                                ;
; WRCONTROL_WRADDRESS_REG_B          ; CLOCK1               ; Untyped                                                ;
; RDCONTROL_REG_B                    ; CLOCK1               ; Untyped                                                ;
; ADDRESS_REG_B                      ; CLOCK1               ; Untyped                                                ;
; OUTDATA_REG_B                      ; UNREGISTERED         ; Untyped                                                ;
; BYTEENA_REG_B                      ; CLOCK1               ; Untyped                                                ;
; INDATA_ACLR_B                      ; NONE                 ; Untyped                                                ;
; WRCONTROL_ACLR_B                   ; NONE                 ; Untyped                                                ;
; ADDRESS_ACLR_B                     ; NONE                 ; Untyped                                                ;
; OUTDATA_ACLR_B                     ; NONE                 ; Untyped                                                ;
; RDCONTROL_ACLR_B                   ; NONE                 ; Untyped                                                ;
; BYTEENA_ACLR_B                     ; NONE                 ; Untyped                                                ;
; WIDTH_BYTEENA_A                    ; 1                    ; Untyped                                                ;
; WIDTH_BYTEENA_B                    ; 1                    ; Untyped                                                ;
; RAM_BLOCK_TYPE                     ; AUTO                 ; Untyped                                                ;
; BYTE_SIZE                          ; 8                    ; Untyped                                                ;
; READ_DURING_WRITE_MODE_MIXED_PORTS ; DONT_CARE            ; Untyped                                                ;
; READ_DURING_WRITE_MODE_PORT_A      ; NEW_DATA_NO_NBE_READ ; Untyped                                                ;
; READ_DURING_WRITE_MODE_PORT_B      ; NEW_DATA_NO_NBE_READ ; Untyped                                                ;
; INIT_FILE                          ; UNUSED               ; Untyped                                                ;
; INIT_FILE_LAYOUT                   ; PORT_A               ; Untyped                                                ;
; MAXIMUM_DEPTH                      ; 0                    ; Untyped                                                ;
; CLOCK_ENABLE_INPUT_A               ; NORMAL               ; Untyped                                                ;
; CLOCK_ENABLE_INPUT_B               ; NORMAL               ; Untyped                                                ;
; CLOCK_ENABLE_OUTPUT_A              ; NORMAL               ; Untyped                                                ;
; CLOCK_ENABLE_OUTPUT_B              ; NORMAL               ; Untyped                                                ;
; CLOCK_ENABLE_CORE_A                ; USE_INPUT_CLKEN      ; Untyped                                                ;
; CLOCK_ENABLE_CORE_B                ; USE_INPUT_CLKEN      ; Untyped                                                ;
; ENABLE_ECC                         ; FALSE                ; Untyped                                                ;
; ECC_PIPELINE_STAGE_ENABLED         ; FALSE                ; Untyped                                                ;
; WIDTH_ECCSTATUS                    ; 3                    ; Untyped                                                ;
; DEVICE_FAMILY                      ; Cyclone IV E         ; Untyped                                                ;
; CBXI_PARAMETER                     ; altsyncram_23d1      ; Untyped                                                ;
+------------------------------------+----------------------+--------------------------------------------------------+
Note: In order to hide this table in the UI and the text report file, please set the "Show Parameter Settings in Synthesis Report" option in "Analysis and Synthesis Settings -> More Settings" to "Off".


+--------------------------------------------------------------------------------------------------------------------+
; Parameter Settings for Inferred Entity Instance: LPCE_tx:TxU|async_fifo:FIFO1|fifomem:fifomem|altsyncram:mem_rtl_0 ;
+------------------------------------+----------------------+--------------------------------------------------------+
; Parameter Name                     ; Value                ; Type                                                   ;
+------------------------------------+----------------------+--------------------------------------------------------+
; BYTE_SIZE_BLOCK                    ; 8                    ; Untyped                                                ;
; AUTO_CARRY_CHAINS                  ; ON                   ; AUTO_CARRY                                             ;
; IGNORE_CARRY_BUFFERS               ; OFF                  ; IGNORE_CARRY                                           ;
; AUTO_CASCADE_CHAINS                ; ON                   ; AUTO_CASCADE                                           ;
; IGNORE_CASCADE_BUFFERS             ; OFF                  ; IGNORE_CASCADE                                         ;
; WIDTH_BYTEENA                      ; 1                    ; Untyped                                                ;
; OPERATION_MODE                     ; DUAL_PORT            ; Untyped                                                ;
; WIDTH_A                            ; 128                  ; Untyped                                                ;
; WIDTHAD_A                          ; 4                    ; Untyped                                                ;
; NUMWORDS_A                         ; 16                   ; Untyped                                                ;
; OUTDATA_REG_A                      ; UNREGISTERED         ; Untyped                                                ;
; ADDRESS_ACLR_A                     ; NONE                 ; Untyped                                                ;
; OUTDATA_ACLR_A                     ; NONE                 ; Untyped                                                ;
; WRCONTROL_ACLR_A                   ; NONE                 ; Untyped                                                ;
; INDATA_ACLR_A                      ; NONE                 ; Untyped                                                ;
; BYTEENA_ACLR_A                     ; NONE                 ; Untyped                                                ;
; WIDTH_B                            ; 128                  ; Untyped                                                ;
; WIDTHAD_B                          ; 4                    ; Untyped                                                ;
; NUMWORDS_B                         ; 16                   ; Untyped                                                ;
; INDATA_REG_B                       ; CLOCK1               ; Untyped                                                ;
; WRCONTROL_WRADDRESS_REG_B          ; CLOCK1               ; Untyped                                                ;
; RDCONTROL_REG_B                    ; CLOCK1               ; Untyped                                                ;
; ADDRESS_REG_B                      ; CLOCK1               ; Untyped                                                ;
; OUTDATA_REG_B                      ; UNREGISTERED         ; Untyped                                                ;
; BYTEENA_REG_B                      ; CLOCK1               ; Untyped                                                ;
; INDATA_ACLR_B                      ; NONE                 ; Untyped                                                ;
; WRCONTROL_ACLR_B                   ; NONE                 ; Untyped                                                ;
; ADDRESS_ACLR_B                     ; NONE                 ; Untyped                                                ;
; OUTDATA_ACLR_B                     ; NONE                 ; Untyped                                                ;
; RDCONTROL_ACLR_B                   ; NONE                 ; Untyped                                                ;
; BYTEENA_ACLR_B                     ; NONE                 ; Untyped                                                ;
; WIDTH_BYTEENA_A                    ; 1                    ; Untyped                                                ;
; WIDTH_BYTEENA_B                    ; 1                    ; Untyped                                                ;
; RAM_BLOCK_TYPE                     ; AUTO                 ; Untyped                                                ;
; BYTE_SIZE                          ; 8                    ; Untyped                                                ;
; READ_DURING_WRITE_MODE_MIXED_PORTS ; DONT_CARE            ; Untyped                                                ;
; READ_DURING_WRITE_MODE_PORT_A      ; NEW_DATA_NO_NBE_READ ; Untyped                                                ;
; READ_DURING_WRITE_MODE_PORT_B      ; NEW_DATA_NO_NBE_READ ; Untyped                                                ;
; INIT_FILE                          ; UNUSED               ; Untyped                                                ;
; INIT_FILE_LAYOUT                   ; PORT_A               ; Untyped                                                ;
; MAXIMUM_DEPTH                      ; 0                    ; Untyped                                                ;
; CLOCK_ENABLE_INPUT_A               ; NORMAL               ; Untyped                                                ;
; CLOCK_ENABLE_INPUT_B               ; NORMAL               ; Untyped                                                ;
; CLOCK_ENABLE_OUTPUT_A              ; NORMAL               ; Untyped                                                ;
; CLOCK_ENABLE_OUTPUT_B              ; NORMAL               ; Untyped                                                ;
; CLOCK_ENABLE_CORE_A                ; USE_INPUT_CLKEN      ; Untyped                                                ;
; CLOCK_ENABLE_CORE_B                ; USE_INPUT_CLKEN      ; Untyped                                                ;
; ENABLE_ECC                         ; FALSE                ; Untyped                                                ;
; ECC_PIPELINE_STAGE_ENABLED         ; FALSE                ; Untyped                                                ;
; WIDTH_ECCSTATUS                    ; 3                    ; Untyped                                                ;
; DEVICE_FAMILY                      ; Cyclone IV E         ; Untyped                                                ;
; CBXI_PARAMETER                     ; altsyncram_23d1      ; Untyped                                                ;
+------------------------------------+----------------------+--------------------------------------------------------+
Note: In order to hide this table in the UI and the text report file, please set the "Show Parameter Settings in Synthesis Report" option in "Analysis and Synthesis Settings -> More Settings" to "Off".


+---------------------------------------------------------------------------------------------------------------+
; altsyncram Parameter Settings by Entity Instance                                                              ;
+-------------------------------------------+-------------------------------------------------------------------+
; Name                                      ; Value                                                             ;
+-------------------------------------------+-------------------------------------------------------------------+
; Number of entity instances                ; 2                                                                 ;
; Entity Instance                           ; LPCE_rx:RxU|async_fifo:FIFO1|fifomem:fifomem|altsyncram:mem_rtl_0 ;
;     -- OPERATION_MODE                     ; DUAL_PORT                                                         ;
;     -- WIDTH_A                            ; 128                                                               ;
;     -- NUMWORDS_A                         ; 16                                                                ;
;     -- OUTDATA_REG_A                      ; UNREGISTERED                                                      ;
;     -- WIDTH_B                            ; 128                                                               ;
;     -- NUMWORDS_B                         ; 16                                                                ;
;     -- ADDRESS_REG_B                      ; CLOCK1                                                            ;
;     -- OUTDATA_REG_B                      ; UNREGISTERED                                                      ;
;     -- RAM_BLOCK_TYPE                     ; AUTO                                                              ;
;     -- READ_DURING_WRITE_MODE_MIXED_PORTS ; DONT_CARE                                                         ;
; Entity Instance                           ; LPCE_tx:TxU|async_fifo:FIFO1|fifomem:fifomem|altsyncram:mem_rtl_0 ;
;     -- OPERATION_MODE                     ; DUAL_PORT                                                         ;
;     -- WIDTH_A                            ; 128                                                               ;
;     -- NUMWORDS_A                         ; 16                                                                ;
;     -- OUTDATA_REG_A                      ; UNREGISTERED                                                      ;
;     -- WIDTH_B                            ; 128                                                               ;
;     -- NUMWORDS_B                         ; 16                                                                ;
;     -- ADDRESS_REG_B                      ; CLOCK1                                                            ;
;     -- OUTDATA_REG_B                      ; UNREGISTERED                                                      ;
;     -- RAM_BLOCK_TYPE                     ; AUTO                                                              ;
;     -- READ_DURING_WRITE_MODE_MIXED_PORTS ; DONT_CARE                                                         ;
+-------------------------------------------+-------------------------------------------------------------------+


+----------------------------------------------------------+
; Port Connectivity Checks: "LPCE_rx:RxU|async_fifo:FIFO1" ;
+---------+--------+----------+----------------------------+
; Port    ; Type   ; Severity ; Details                    ;
+---------+--------+----------+----------------------------+
; wfull   ; Output ; Info     ; Explicitly unconnected     ;
; awfull  ; Output ; Info     ; Explicitly unconnected     ;
; arempty ; Output ; Info     ; Explicitly unconnected     ;
+---------+--------+----------+----------------------------+


+----------------------------------------------------------+
; Port Connectivity Checks: "LPCE_tx:TxU|async_fifo:FIFO1" ;
+---------+--------+----------+----------------------------+
; Port    ; Type   ; Severity ; Details                    ;
+---------+--------+----------+----------------------------+
; awfull  ; Output ; Info     ; Explicitly unconnected     ;
; arempty ; Output ; Info     ; Explicitly unconnected     ;
+---------+--------+----------+----------------------------+


+-----------------------------------------------------+
; Post-Synthesis Netlist Statistics for Top Partition ;
+-----------------------+-----------------------------+
; Type                  ; Count                       ;
+-----------------------+-----------------------------+
; boundary_port         ; 270                         ;
; cycloneiii_ff         ; 661                         ;
;     CLR               ; 82                          ;
;     ENA               ; 256                         ;
;     SCLR              ; 35                          ;
;     SCLR SLD          ; 111                         ;
;     SLD               ; 8                           ;
;     plain             ; 169                         ;
; cycloneiii_lcell_comb ; 539                         ;
;     arith             ; 7                           ;
;         2 data inputs ; 7                           ;
;     normal            ; 532                         ;
;         0 data inputs ; 1                           ;
;         1 data inputs ; 4                           ;
;         2 data inputs ; 164                         ;
;         3 data inputs ; 274                         ;
;         4 data inputs ; 89                          ;
; cycloneiii_ram_block  ; 256                         ;
;                       ;                             ;
; Max LUT depth         ; 6.00                        ;
; Average LUT depth     ; 1.09                        ;
+-----------------------+-----------------------------+


+-------------------------------+
; Elapsed Time Per Partition    ;
+----------------+--------------+
; Partition Name ; Elapsed Time ;
+----------------+--------------+
; Top            ; 00:00:01     ;
+----------------+--------------+


+-------------------------------+
; Analysis & Synthesis Messages ;
+-------------------------------+
Info: *******************************************************************
Info: Running Quartus Prime Analysis & Synthesis
    Info: Version 18.0.0 Build 614 04/24/2018 SJ Standard Edition
    Info: Processing started: Sat May 01 20:33:04 2021
Info: Command: quartus_map --read_settings_files=on --write_settings_files=off LPCE_Tx -c LPCE_Tx
Warning (18236): Number of processors has not been specified which may cause overloading on shared machines.  Set the global assignment NUM_PARALLEL_PROCESSORS in your QSF to an appropriate value for best performance.
Info (20030): Parallel compilation is enabled and will use 12 of the 12 processors detected
Info (12021): Found 1 design units, including 1 entities, in source file /project/fpga/lpce/rtl/lpce_phy.v
    Info (12023): Found entity 1: LPCE_PHY File: D:/project/FPGA/LPCE/RTL/LPCE_PHY.v Line: 4
Info (12021): Found 2 design units, including 2 entities, in source file /project/fpga/lpce/rtl/lpce_tx.v
    Info (12023): Found entity 1: LPCE_tx File: D:/project/FPGA/LPCE/RTL/LPCE_tx.v Line: 15
    Info (12023): Found entity 2: LPCE_tx_front File: D:/project/FPGA/LPCE/RTL/LPCE_tx.v Line: 69
Info (12021): Found 1 design units, including 1 entities, in source file /project/fpga/lpce/rtl/fifo/wptr_full.v
    Info (12023): Found entity 1: wptr_full File: D:/project/FPGA/LPCE/RTL/FIFO/wptr_full.v Line: 20
Info (12021): Found 1 design units, including 1 entities, in source file /project/fpga/lpce/rtl/fifo/sync_w2r.v
    Info (12023): Found entity 1: sync_w2r File: D:/project/FPGA/LPCE/RTL/FIFO/sync_w2r.v Line: 20
Info (12021): Found 1 design units, including 1 entities, in source file /project/fpga/lpce/rtl/fifo/sync_r2w.v
    Info (12023): Found entity 1: sync_r2w File: D:/project/FPGA/LPCE/RTL/FIFO/sync_r2w.v Line: 20
Info (12021): Found 1 design units, including 1 entities, in source file /project/fpga/lpce/rtl/fifo/sync_ptr.v
    Info (12023): Found entity 1: sync_ptr File: D:/project/FPGA/LPCE/RTL/FIFO/sync_ptr.v Line: 20
Info (12021): Found 1 design units, including 1 entities, in source file /project/fpga/lpce/rtl/fifo/rptr_empty.v
    Info (12023): Found entity 1: rptr_empty File: D:/project/FPGA/LPCE/RTL/FIFO/rptr_empty.v Line: 20
Info (12021): Found 1 design units, including 1 entities, in source file /project/fpga/lpce/rtl/fifo/fifomem_dp.v
    Info (12023): Found entity 1: fifomem_dp File: D:/project/FPGA/LPCE/RTL/FIFO/fifomem_dp.v Line: 21
Info (12021): Found 1 design units, including 1 entities, in source file /project/fpga/lpce/rtl/fifo/fifo_2mem.v
    Info (12023): Found entity 1: fifomem File: D:/project/FPGA/LPCE/RTL/FIFO/fifo_2mem.v Line: 20
Info (12021): Found 1 design units, including 1 entities, in source file /project/fpga/lpce/rtl/fifo/async_fifo.v
    Info (12023): Found entity 1: async_fifo File: D:/project/FPGA/LPCE/RTL/FIFO/async_fifo.v Line: 20
Info (12021): Found 1 design units, including 1 entities, in source file /project/fpga/lpce/rtl/fifo/async_bidir_ramif_fifo.v
    Info (12023): Found entity 1: async_bidir_ramif_fifo File: D:/project/FPGA/LPCE/RTL/FIFO/async_bidir_ramif_fifo.v Line: 21
Info (12021): Found 1 design units, including 1 entities, in source file /project/fpga/lpce/rtl/fifo/async_bidir_fifo.v
    Info (12023): Found entity 1: async_bidir_fifo File: D:/project/FPGA/LPCE/RTL/FIFO/async_bidir_fifo.v Line: 21
Info (12021): Found 0 design units, including 0 entities, in source file /project/fpga/lpce/rtl/lpceconfig.v
Info (12021): Found 2 design units, including 2 entities, in source file /project/fpga/lpce/rtl/lpce_rx.v
    Info (12023): Found entity 1: LPCE_rx File: D:/project/FPGA/LPCE/RTL/LPCE_rx.v Line: 8
    Info (12023): Found entity 2: LPCE_rx_front File: D:/project/FPGA/LPCE/RTL/LPCE_rx.v Line: 68
Info (12127): Elaborating entity "LPCE_PHY" for the top level hierarchy
Info (12128): Elaborating entity "LPCE_tx" for hierarchy "LPCE_tx:TxU" File: D:/project/FPGA/LPCE/RTL/LPCE_PHY.v Line: 41
Info (12128): Elaborating entity "LPCE_tx_front" for hierarchy "LPCE_tx:TxU|LPCE_tx_front:LPCE_tx_front" File: D:/project/FPGA/LPCE/RTL/LPCE_tx.v Line: 47
Info (12128): Elaborating entity "async_fifo" for hierarchy "LPCE_tx:TxU|async_fifo:FIFO1" File: D:/project/FPGA/LPCE/RTL/LPCE_tx.v Line: 63
Info (12128): Elaborating entity "sync_r2w" for hierarchy "LPCE_tx:TxU|async_fifo:FIFO1|sync_r2w:sync_r2w" File: D:/project/FPGA/LPCE/RTL/FIFO/async_fifo.v Line: 53
Info (12128): Elaborating entity "sync_w2r" for hierarchy "LPCE_tx:TxU|async_fifo:FIFO1|sync_w2r:sync_w2r" File: D:/project/FPGA/LPCE/RTL/FIFO/async_fifo.v Line: 64
Info (12128): Elaborating entity "wptr_full" for hierarchy "LPCE_tx:TxU|async_fifo:FIFO1|wptr_full:wptr_full" File: D:/project/FPGA/LPCE/RTL/FIFO/async_fifo.v Line: 78
Info (12128): Elaborating entity "fifomem" for hierarchy "LPCE_tx:TxU|async_fifo:FIFO1|fifomem:fifomem" File: D:/project/FPGA/LPCE/RTL/FIFO/async_fifo.v Line: 93
Info (12128): Elaborating entity "rptr_empty" for hierarchy "LPCE_tx:TxU|async_fifo:FIFO1|rptr_empty:rptr_empty" File: D:/project/FPGA/LPCE/RTL/FIFO/async_fifo.v Line: 107
Info (12128): Elaborating entity "LPCE_rx" for hierarchy "LPCE_rx:RxU" File: D:/project/FPGA/LPCE/RTL/LPCE_PHY.v Line: 53
Info (12128): Elaborating entity "LPCE_rx_front" for hierarchy "LPCE_rx:RxU|LPCE_rx_front:LPCE_rx_front" File: D:/project/FPGA/LPCE/RTL/LPCE_rx.v Line: 58
Warning (276027): Inferred dual-clock RAM node "LPCE_rx:RxU|async_fifo:FIFO1|fifomem:fifomem|mem_rtl_0" from synchronous design logic.  The read-during-write behavior of a dual-clock RAM is undefined and may not match the behavior of the original design.
Warning (276027): Inferred dual-clock RAM node "LPCE_tx:TxU|async_fifo:FIFO1|fifomem:fifomem|mem_rtl_0" from synchronous design logic.  The read-during-write behavior of a dual-clock RAM is undefined and may not match the behavior of the original design.
Info (19000): Inferred 2 megafunctions from design logic
    Info (276029): Inferred altsyncram megafunction from the following design logic: "LPCE_rx:RxU|async_fifo:FIFO1|fifomem:fifomem|mem_rtl_0" 
        Info (286033): Parameter OPERATION_MODE set to DUAL_PORT
        Info (286033): Parameter WIDTH_A set to 128
        Info (286033): Parameter WIDTHAD_A set to 4
        Info (286033): Parameter NUMWORDS_A set to 16
        Info (286033): Parameter WIDTH_B set to 128
        Info (286033): Parameter WIDTHAD_B set to 4
        Info (286033): Parameter NUMWORDS_B set to 16
        Info (286033): Parameter ADDRESS_ACLR_A set to NONE
        Info (286033): Parameter OUTDATA_REG_B set to UNREGISTERED
        Info (286033): Parameter ADDRESS_ACLR_B set to NONE
        Info (286033): Parameter OUTDATA_ACLR_B set to NONE
        Info (286033): Parameter ADDRESS_REG_B set to CLOCK1
        Info (286033): Parameter INDATA_ACLR_A set to NONE
        Info (286033): Parameter WRCONTROL_ACLR_A set to NONE
    Info (276029): Inferred altsyncram megafunction from the following design logic: "LPCE_tx:TxU|async_fifo:FIFO1|fifomem:fifomem|mem_rtl_0" 
        Info (286033): Parameter OPERATION_MODE set to DUAL_PORT
        Info (286033): Parameter WIDTH_A set to 128
        Info (286033): Parameter WIDTHAD_A set to 4
        Info (286033): Parameter NUMWORDS_A set to 16
        Info (286033): Parameter WIDTH_B set to 128
        Info (286033): Parameter WIDTHAD_B set to 4
        Info (286033): Parameter NUMWORDS_B set to 16
        Info (286033): Parameter ADDRESS_ACLR_A set to NONE
        Info (286033): Parameter OUTDATA_REG_B set to UNREGISTERED
        Info (286033): Parameter ADDRESS_ACLR_B set to NONE
        Info (286033): Parameter OUTDATA_ACLR_B set to NONE
        Info (286033): Parameter ADDRESS_REG_B set to CLOCK1
        Info (286033): Parameter INDATA_ACLR_A set to NONE
        Info (286033): Parameter WRCONTROL_ACLR_A set to NONE
Info (12130): Elaborated megafunction instantiation "LPCE_rx:RxU|async_fifo:FIFO1|fifomem:fifomem|altsyncram:mem_rtl_0"
Info (12133): Instantiated megafunction "LPCE_rx:RxU|async_fifo:FIFO1|fifomem:fifomem|altsyncram:mem_rtl_0" with the following parameter:
    Info (12134): Parameter "OPERATION_MODE" = "DUAL_PORT"
    Info (12134): Parameter "WIDTH_A" = "128"
    Info (12134): Parameter "WIDTHAD_A" = "4"
    Info (12134): Parameter "NUMWORDS_A" = "16"
    Info (12134): Parameter "WIDTH_B" = "128"
    Info (12134): Parameter "WIDTHAD_B" = "4"
    Info (12134): Parameter "NUMWORDS_B" = "16"
    Info (12134): Parameter "ADDRESS_ACLR_A" = "NONE"
    Info (12134): Parameter "OUTDATA_REG_B" = "UNREGISTERED"
    Info (12134): Parameter "ADDRESS_ACLR_B" = "NONE"
    Info (12134): Parameter "OUTDATA_ACLR_B" = "NONE"
    Info (12134): Parameter "ADDRESS_REG_B" = "CLOCK1"
    Info (12134): Parameter "INDATA_ACLR_A" = "NONE"
    Info (12134): Parameter "WRCONTROL_ACLR_A" = "NONE"
Info (12021): Found 1 design units, including 1 entities, in source file db/altsyncram_23d1.tdf
    Info (12023): Found entity 1: altsyncram_23d1 File: D:/project/FPGA/LPCE/Proj/db/altsyncram_23d1.tdf Line: 27
Info (13000): Registers with preset signals will power-up high File: D:/project/FPGA/LPCE/RTL/FIFO/rptr_empty.v Line: 29
Info (13003): DEV_CLRn pin will set, and not reset, register with preset signal due to NOT Gate Push-Back
Info (286030): Timing-Driven Synthesis is running
Info (16010): Generating hard_block partition "hard_block:auto_generated_inst"
    Info (16011): Adding 0 node(s), including 0 DDIO, 0 PLL, 0 transceiver and 0 LCELL
Info (21057): Implemented 1390 device resources after synthesis - the final resource count might be different
    Info (21058): Implemented 137 input pins
    Info (21059): Implemented 133 output pins
    Info (21061): Implemented 864 logic cells
    Info (21064): Implemented 256 RAM segments
Info: Quartus Prime Analysis & Synthesis was successful. 0 errors, 3 warnings
    Info: Peak virtual memory: 4833 megabytes
    Info: Processing ended: Sat May 01 20:33:16 2021
    Info: Elapsed time: 00:00:12
    Info: Total CPU time (on all processors): 00:00:23


